TN:
SF:src\taskManager.js
FN:2,(anonymous_0)
FN:7,(anonymous_1)
FN:23,(anonymous_2)
FN:24,(anonymous_3)
FN:31,(anonymous_4)
FN:32,(anonymous_5)
FN:40,(anonymous_6)
FN:44,(anonymous_7)
FN:45,(anonymous_8)
FN:48,(anonymous_9)
FN:49,(anonymous_10)
FN:50,(anonymous_11)
FN:54,(anonymous_12)
FN:56,(anonymous_13)
FNF:14
FNH:12
FNDA:13,(anonymous_0)
FNDA:17,(anonymous_1)
FNDA:2,(anonymous_2)
FNDA:1,(anonymous_3)
FNDA:6,(anonymous_4)
FNDA:9,(anonymous_5)
FNDA:6,(anonymous_6)
FNDA:0,(anonymous_7)
FNDA:0,(anonymous_8)
FNDA:1,(anonymous_9)
FNDA:3,(anonymous_10)
FNDA:3,(anonymous_11)
FNDA:1,(anonymous_12)
FNDA:3,(anonymous_13)
DA:3,13
DA:4,13
DA:8,17
DA:9,2
DA:12,15
DA:19,15
DA:20,15
DA:24,2
DA:25,2
DA:26,1
DA:28,1
DA:32,9
DA:33,6
DA:34,1
DA:36,5
DA:37,5
DA:41,6
DA:45,0
DA:49,3
DA:50,3
DA:51,1
DA:55,1
DA:56,3
DA:57,1
DA:59,1
LF:25
LH:24
BRDA:8,0,0,2
BRDA:8,0,1,15
BRDA:8,1,0,17
BRDA:8,1,1,16
BRDA:25,2,0,1
BRDA:25,2,1,1
BRDA:33,3,0,1
BRDA:33,3,1,5
BRF:8
BRH:8
end_of_record
TN:
SF:src\modules\tasks.js
FN:14,addTask
FN:32,removeTask
FN:41,getTasks
FN:45,toggleTaskExpanded
FN:54,isTaskOverdue
FN:59,save
FNF:6
FNH:0
FNDA:0,addTask
FNDA:0,removeTask
FNDA:0,getTasks
FNDA:0,toggleTaskExpanded
FNDA:0,isTaskOverdue
FNDA:0,save
DA:1,0
DA:4,0
DA:5,0
DA:6,0
DA:7,0
DA:10,0
DA:11,0
DA:15,0
DA:16,0
DA:19,0
DA:27,0
DA:28,0
DA:29,0
DA:33,0
DA:34,0
DA:35,0
DA:36,0
DA:38,0
DA:42,0
DA:46,0
DA:47,0
DA:48,0
DA:49,0
DA:51,0
DA:55,0
DA:56,0
DA:60,0
DA:61,0
DA:63,0
LF:29
LH:0
BRDA:6,0,0,0
BRDA:6,0,1,0
BRDA:14,1,0,0
BRDA:14,2,0,0
BRDA:15,3,0,0
BRDA:15,3,1,0
BRDA:15,4,0,0
BRDA:15,4,1,0
BRDA:22,5,0,0
BRDA:22,5,1,0
BRDA:33,6,0,0
BRDA:33,6,1,0
BRDA:33,7,0,0
BRDA:33,7,1,0
BRDA:46,8,0,0
BRDA:46,8,1,0
BRDA:46,9,0,0
BRDA:46,9,1,0
BRDA:55,10,0,0
BRDA:55,10,1,0
BRF:20
BRH:0
end_of_record
